<?xml version="1.0" encoding="UTF-8"?>
<testng-results ignored="0" total="1" passed="1" failed="0" skipped="0">
  <reporter-output>
    <line>
      <![CDATA[Test Started]]>
    </line>
  </reporter-output>
  <suite started-at="2022-10-10T23:17:48 IST" name="Suite" finished-at="2022-10-10T23:18:01 IST" duration-ms="12895">
    <groups>
    </groups>
    <test started-at="2022-10-10T23:17:48 IST" name="ChromeTest" finished-at="2022-10-10T23:18:01 IST" duration-ms="12895">
      <class name="TestClass.verifyUserCanSearchProduct">
        <test-method is-config="true" signature="beforeClass(java.lang.String)[pri:0, instance:TestClass.verifyUserCanSearchProduct@16293aa2]" started-at="2022-10-10T23:17:48 IST" name="beforeClass" finished-at="2022-10-10T23:17:59 IST" duration-ms="11028" status="PASS">
          <params>
            <param index="0">
              <value>
                <![CDATA[chrome]]>
              </value>
            </param>
          </params>
          <reporter-output>
          </reporter-output>
        </test-method> <!-- beforeClass -->
        <test-method is-config="true" signature="beforeTest()[pri:0, instance:TestClass.verifyUserCanSearchProduct@16293aa2]" started-at="2022-10-10T23:17:59 IST" name="beforeTest" finished-at="2022-10-10T23:17:59 IST" duration-ms="85" status="PASS">
          <reporter-output>
          </reporter-output>
        </test-method> <!-- beforeTest -->
        <test-method signature="verifyUserCanSearchProducts()[pri:0, instance:TestClass.verifyUserCanSearchProduct@16293aa2]" started-at="2022-10-10T23:17:59 IST" name="verifyUserCanSearchProducts" finished-at="2022-10-10T23:18:00 IST" duration-ms="537" status="PASS">
          <reporter-output>
            <line>
              <![CDATA[Test Started]]>
            </line>
          </reporter-output>
        </test-method> <!-- verifyUserCanSearchProducts -->
        <test-method is-config="true" signature="afterTest()[pri:0, instance:TestClass.verifyUserCanSearchProduct@16293aa2]" started-at="2022-10-10T23:18:00 IST" name="afterTest" finished-at="2022-10-10T23:18:00 IST" duration-ms="0" status="PASS">
          <reporter-output>
          </reporter-output>
        </test-method> <!-- afterTest -->
        <test-method is-config="true" signature="afterClass()[pri:0, instance:TestClass.verifyUserCanSearchProduct@16293aa2]" started-at="2022-10-10T23:18:00 IST" name="afterClass" finished-at="2022-10-10T23:18:01 IST" duration-ms="1182" status="PASS">
          <reporter-output>
          </reporter-output>
        </test-method> <!-- afterClass -->
      </class> <!-- TestClass.verifyUserCanSearchProduct -->
    </test> <!-- ChromeTest -->
  </suite> <!-- Suite -->
</testng-results>
